<?xml version="1.0" encoding="UTF-8"?>
<!-- Generated by org.testng.reporters.JUnitXMLReporter -->
<testsuite ignored="3" hostname="DESKTOP-RMVDHMS" failures="0" tests="5" name="L" time="0.072" errors="0" timestamp="2024-09-28T09:15:00 IST">
  <testcase classname="hcyclewala.AppTest" name="demo" time="0.002"/>
  <testcase classname="hcyclewala.Day4" name="postRequisite" time="0.001"/>
  <testcase classname="hcyclewala.Day2" name="ploan" time="0.002"/>
  <testcase classname="hcyclewala.Day2" name="ploan" time="0.001"/>
  <testcase classname="hcyclewala.Day2" name="ploan" time="0.001"/>
  <testcase classname="hcyclewala.AppTest" name="secondTest" time="0.0">
    <ignored/>
  </testcase> <!-- secondTest -->
  <testcase classname="hcyclewala.Day4" name="loginAPIHomeLoan" time="0.0">
    <ignored/>
  </testcase> <!-- loginAPIHomeLoan -->
  <testcase classname="hcyclewala.Day4" name="mobileloginHomeLoan" time="0.0">
    <ignored/>
  </testcase> <!-- mobileloginHomeLoan -->
</testsuite> <!-- L -->
