<?xml version="1.0" encoding="UTF-8"?>
<testsuite xmlns:xsi="http://www.w3.org/2001/XMLSchema-instance" xsi:noNamespaceSchemaLocation="https://maven.apache.org/surefire/maven-surefire-plugin/xsd/surefire-test-report.xsd" version="3.0.2" name="TestSuite" time="0.796" tests="5" errors="0" skipped="0" failures="0">
  <properties>
[...]
</properties>
  <testcase name="demo" classname="hcyclewala.AppTest" time="0.001">
    <system-out><![CDATA[I will execute First
Hello
]]></system-out>
    <system-err><![CDATA[SLF4J: Failed to load class "org.slf4j.impl.StaticLoggerBinder".
SLF4J: Defaulting to no-operation (NOP) logger implementation
SLF4J: See http://www.slf4j.org/codes.html#StaticLoggerBinder for further details.
]]></system-err>
  </testcase>
  <testcase name="postRequisite" classname="hcyclewala.Day4" time="0.001">
    <system-out><![CDATA[I Will Execute last
]]></system-out>
  </testcase>
  <testcase name="ploan[FirstUserName, FirstPassword](1)" classname="hcyclewala.Day2" time="0.004">
    <system-out><![CDATA[good
FirstUserName
FirstPassword
]]></system-out>
  </testcase>
  <testcase name="ploan[SecondUserName, SecondPassword](2)" classname="hcyclewala.Day2" time="0.002">
    <system-out><![CDATA[good
SecondUserName
SecondPassword
]]></system-out>
  </testcase>
  <testcase name="ploan[ThirdUserName, ThirdPassword](3)" classname="hcyclewala.Day2" time="0.002">
    <system-out><![CDATA[good
ThirdUserName
ThirdPassword
]]></system-out>
  </testcase>
</testsuite>