<?xml version="1.0" encoding="UTF-8"?>
<testng-results ignored="0" total="5" passed="5" failed="0" skipped="0">
  <reporter-output>
  </reporter-output>
  <suite started-at="2024-09-28T09:15:00 IST" name="Suite1" finished-at="2024-09-28T09:15:00 IST" duration-ms="72">
    <groups>
      <group name="smoke">
        <method signature="AppTest.demo()[pri:0, instance:hcyclewala.AppTest@402bba4f]" name="demo" class="hcyclewala.AppTest"/>
        <method signature="Day2.ploan(java.lang.String,java.lang.String)[pri:0, instance:hcyclewala.Day2@478190fc]" name="ploan" class="hcyclewala.Day2"/>
        <method signature="Day4.postRequisite()[pri:0, instance:hcyclewala.Day4@38c6f217]" name="postRequisite" class="hcyclewala.Day4"/>
      </group> <!-- smoke -->
    </groups>
    <test started-at="2024-09-28T09:15:00 IST" name="L" finished-at="2024-09-28T09:15:00 IST" duration-ms="72">
      <class name="hcyclewala.Day4">
        <test-method signature="postRequisite()[pri:0, instance:hcyclewala.Day4@38c6f217]" started-at="2024-09-28T09:15:00 IST" name="postRequisite" finished-at="2024-09-28T09:15:00 IST" duration-ms="1" status="PASS">
          <reporter-output>
          </reporter-output>
        </test-method> <!-- postRequisite -->
        <test-method is-config="true" signature="webloginHomeLoan(java.lang.String,java.lang.String)[pri:0, instance:hcyclewala.Day4@38c6f217]" started-at="2024-09-28T09:15:00 IST" name="webloginHomeLoan" finished-at="2024-09-28T09:15:00 IST" duration-ms="2" status="PASS">
          <params>
            <param index="0">
              <value>
                <![CDATA[qaclickacademy.com]]>
              </value>
            </param>
            <param index="1">
              <value>
                <![CDATA[12345]]>
              </value>
            </param>
          </params>
          <reporter-output>
          </reporter-output>
        </test-method> <!-- webloginHomeLoan -->
      </class> <!-- hcyclewala.Day4 -->
      <class name="hcyclewala.AppTest">
        <test-method signature="demo()[pri:0, instance:hcyclewala.AppTest@402bba4f]" started-at="2024-09-28T09:15:00 IST" name="demo" finished-at="2024-09-28T09:15:00 IST" duration-ms="2" status="PASS">
          <reporter-output>
          </reporter-output>
        </test-method> <!-- demo -->
      </class> <!-- hcyclewala.AppTest -->
      <class name="hcyclewala.Day2">
        <test-method is-config="true" signature="PreRequisite()[pri:0, instance:hcyclewala.Day2@478190fc]" started-at="2024-09-28T09:15:00 IST" name="PreRequisite" finished-at="2024-09-28T09:15:00 IST" duration-ms="13" status="PASS">
          <reporter-output>
          </reporter-output>
        </test-method> <!-- PreRequisite -->
        <test-method signature="ploan(java.lang.String,java.lang.String)[pri:0, instance:hcyclewala.Day2@478190fc]" started-at="2024-09-28T09:15:00 IST" name="ploan" data-provider="getData" finished-at="2024-09-28T09:15:00 IST" duration-ms="2" status="PASS">
          <params>
            <param index="0">
              <value>
                <![CDATA[FirstUserName]]>
              </value>
            </param>
            <param index="1">
              <value>
                <![CDATA[FirstPassword]]>
              </value>
            </param>
          </params>
          <reporter-output>
          </reporter-output>
        </test-method> <!-- ploan -->
        <test-method signature="ploan(java.lang.String,java.lang.String)[pri:0, instance:hcyclewala.Day2@478190fc]" started-at="2024-09-28T09:15:00 IST" name="ploan" data-provider="getData" finished-at="2024-09-28T09:15:00 IST" duration-ms="1" status="PASS">
          <params>
            <param index="0">
              <value>
                <![CDATA[SecondUserName]]>
              </value>
            </param>
            <param index="1">
              <value>
                <![CDATA[SecondPassword]]>
              </value>
            </param>
          </params>
          <reporter-output>
          </reporter-output>
        </test-method> <!-- ploan -->
        <test-method signature="ploan(java.lang.String,java.lang.String)[pri:0, instance:hcyclewala.Day2@478190fc]" started-at="2024-09-28T09:15:00 IST" name="ploan" data-provider="getData" finished-at="2024-09-28T09:15:00 IST" duration-ms="1" status="PASS">
          <params>
            <param index="0">
              <value>
                <![CDATA[ThirdUserName]]>
              </value>
            </param>
            <param index="1">
              <value>
                <![CDATA[ThirdPassword]]>
              </value>
            </param>
          </params>
          <reporter-output>
          </reporter-output>
        </test-method> <!-- ploan -->
      </class> <!-- hcyclewala.Day2 -->
    </test> <!-- L -->
  </suite> <!-- Suite1 -->
</testng-results>
